Started GET "/" for ::1 at 2020-05-01 17:59:46 -0400
  [1m[35m (1.8ms)[0m  [1m[34mSELECT sqlite_version(*)[0m
Processing by Rails::WelcomeController#index as HTML
  Rendering /Users/iskrabatistapoblete/.rvm/gems/ruby-2.6.1/gems/railties-6.0.2.2/lib/rails/templates/rails/welcome/index.html.erb
  Rendered /Users/iskrabatistapoblete/.rvm/gems/ruby-2.6.1/gems/railties-6.0.2.2/lib/rails/templates/rails/welcome/index.html.erb (Duration: 7.5ms | Allocations: 480)
Completed 200 OK in 18ms (Views: 13.2ms | ActiveRecord: 0.0ms | Allocations: 2637)


Started GET "/favicon.ico" for ::1 at 2020-05-01 17:59:46 -0400
  
ActionController::RoutingError (No route matches [GET] "/favicon.ico"):
  
actionpack (6.0.2.2) lib/action_dispatch/middleware/debug_exceptions.rb:36:in `call'
actionpack (6.0.2.2) lib/action_dispatch/middleware/show_exceptions.rb:33:in `call'
railties (6.0.2.2) lib/rails/rack/logger.rb:38:in `call_app'
railties (6.0.2.2) lib/rails/rack/logger.rb:26:in `block in call'
activesupport (6.0.2.2) lib/active_support/tagged_logging.rb:80:in `block in tagged'
activesupport (6.0.2.2) lib/active_support/tagged_logging.rb:28:in `tagged'
activesupport (6.0.2.2) lib/active_support/tagged_logging.rb:80:in `tagged'
railties (6.0.2.2) lib/rails/rack/logger.rb:26:in `call'
actionpack (6.0.2.2) lib/action_dispatch/middleware/remote_ip.rb:81:in `call'
actionpack (6.0.2.2) lib/action_dispatch/middleware/request_id.rb:27:in `call'
rack (2.2.2) lib/rack/runtime.rb:22:in `call'
activesupport (6.0.2.2) lib/active_support/cache/strategy/local_cache_middleware.rb:29:in `call'
actionpack (6.0.2.2) lib/action_dispatch/middleware/executor.rb:14:in `call'
actionpack (6.0.2.2) lib/action_dispatch/middleware/static.rb:126:in `call'
rack (2.2.2) lib/rack/sendfile.rb:110:in `call'
actionpack (6.0.2.2) lib/action_dispatch/middleware/host_authorization.rb:83:in `call'
railties (6.0.2.2) lib/rails/engine.rb:526:in `call'
puma (4.3.3) lib/puma/configuration.rb:228:in `call'
puma (4.3.3) lib/puma/server.rb:682:in `handle_request'
puma (4.3.3) lib/puma/server.rb:472:in `process_client'
puma (4.3.3) lib/puma/server.rb:328:in `block in run'
puma (4.3.3) lib/puma/thread_pool.rb:134:in `block in spawn_thread'
  [1m[35m (0.5ms)[0m  [1m[34mSELECT sqlite_version(*)[0m
  [1m[35m (0.8ms)[0m  [1m[35mCREATE TABLE "schema_migrations" ("version" varchar NOT NULL PRIMARY KEY)[0m
  [1m[35m (0.6ms)[0m  [1m[35mCREATE TABLE "ar_internal_metadata" ("key" varchar NOT NULL PRIMARY KEY, "value" varchar, "created_at" datetime(6) NOT NULL, "updated_at" datetime(6) NOT NULL)[0m
  [1m[35m (0.1ms)[0m  [1m[34mSELECT "schema_migrations"."version" FROM "schema_migrations" ORDER BY "schema_migrations"."version" ASC[0m
Migrating to CreateUsers (20200501220743)
  [1m[35m (0.1ms)[0m  [1m[36mbegin transaction[0m
  [1m[35m (0.4ms)[0m  [1m[35mCREATE TABLE "users" ("id" integer PRIMARY KEY AUTOINCREMENT NOT NULL, "name" varchar, "created_at" datetime(6) NOT NULL, "updated_at" datetime(6) NOT NULL)[0m
  [1m[36mprimary::SchemaMigration Create (0.2ms)[0m  [1m[32mINSERT INTO "schema_migrations" ("version") VALUES (?)[0m  [["version", "20200501220743"]]
  [1m[35m (1.0ms)[0m  [1m[36mcommit transaction[0m
Migrating to CreatePets (20200501220842)
  [1m[35m (0.1ms)[0m  [1m[36mbegin transaction[0m
  [1m[35m (0.5ms)[0m  [1m[35mCREATE TABLE "pets" ("id" integer PRIMARY KEY AUTOINCREMENT NOT NULL, "kind" varchar, "name" varchar, "user_id" integer NOT NULL, "created_at" datetime(6) NOT NULL, "updated_at" datetime(6) NOT NULL, CONSTRAINT "fk_rails_0fa4bae6b1"
FOREIGN KEY ("user_id")
  REFERENCES "users" ("id")
)[0m
  [1m[35m (0.1ms)[0m  [1m[35mCREATE  INDEX "index_pets_on_user_id" ON "pets" ("user_id")[0m
  [1m[36mprimary::SchemaMigration Create (0.1ms)[0m  [1m[32mINSERT INTO "schema_migrations" ("version") VALUES (?)[0m  [["version", "20200501220842"]]
  [1m[35m (0.6ms)[0m  [1m[36mcommit transaction[0m
Migrating to CreateTasks (20200501221957)
  [1m[35m (0.0ms)[0m  [1m[36mbegin transaction[0m
  [1m[35m (0.4ms)[0m  [1m[35mCREATE TABLE "tasks" ("id" integer PRIMARY KEY AUTOINCREMENT NOT NULL, "title" varchar, "comment" varchar, "time" datetime, "complete" boolean, "pet_id" integer NOT NULL, "created_at" datetime(6) NOT NULL, "updated_at" datetime(6) NOT NULL, CONSTRAINT "fk_rails_a803d427d5"
FOREIGN KEY ("pet_id")
  REFERENCES "pets" ("id")
)[0m
  [1m[35m (0.1ms)[0m  [1m[35mCREATE  INDEX "index_tasks_on_pet_id" ON "tasks" ("pet_id")[0m
  [1m[36mprimary::SchemaMigration Create (0.1ms)[0m  [1m[32mINSERT INTO "schema_migrations" ("version") VALUES (?)[0m  [["version", "20200501221957"]]
  [1m[35m (0.6ms)[0m  [1m[36mcommit transaction[0m
  [1m[36mActiveRecord::InternalMetadata Load (0.2ms)[0m  [1m[34mSELECT "ar_internal_metadata".* FROM "ar_internal_metadata" WHERE "ar_internal_metadata"."key" = ? LIMIT ?[0m  [["key", "environment"], ["LIMIT", 1]]
  [1m[35m (0.0ms)[0m  [1m[36mbegin transaction[0m
  [1m[36mActiveRecord::InternalMetadata Create (0.3ms)[0m  [1m[32mINSERT INTO "ar_internal_metadata" ("key", "value", "created_at", "updated_at") VALUES (?, ?, ?, ?)[0m  [["key", "environment"], ["value", "development"], ["created_at", "2020-05-01 22:22:31.057620"], ["updated_at", "2020-05-01 22:22:31.057620"]]
  [1m[35m (0.6ms)[0m  [1m[36mcommit transaction[0m
  [1m[35m (0.0ms)[0m  [1m[34mSELECT sqlite_version(*)[0m
  [1m[35m (0.1ms)[0m  [1m[34mSELECT "schema_migrations"."version" FROM "schema_migrations" ORDER BY "schema_migrations"."version" ASC[0m
  [1m[35m (0.5ms)[0m  [1m[34mSELECT sqlite_version(*)[0m
  [1m[35m (0.4ms)[0m  [1m[34mSELECT "schema_migrations"."version" FROM "schema_migrations" ORDER BY "schema_migrations"."version" ASC[0m
  [1m[35m (0.1ms)[0m  [1m[34mSELECT sqlite_version(*)[0m
  [1m[36mUser Destroy (0.2ms)[0m  [1m[31mDELETE FROM "users"[0m
  [1m[36mPet Destroy (0.3ms)[0m  [1m[31mDELETE FROM "pets"[0m
  [1m[36mTask Destroy (0.3ms)[0m  [1m[31mDELETE FROM "tasks"[0m
  [1m[35m (0.0ms)[0m  [1m[36mbegin transaction[0m
  [1m[36mUser Create (0.6ms)[0m  [1m[32mINSERT INTO "users" ("name", "created_at", "updated_at") VALUES (?, ?, ?)[0m  [["name", "Amelia"], ["created_at", "2020-05-01 22:32:26.907310"], ["updated_at", "2020-05-01 22:32:26.907310"]]
  [1m[35m (0.7ms)[0m  [1m[36mcommit transaction[0m
  [1m[35m (0.0ms)[0m  [1m[36mbegin transaction[0m
  [1m[36mUser Create (0.3ms)[0m  [1m[32mINSERT INTO "users" ("name", "created_at", "updated_at") VALUES (?, ?, ?)[0m  [["name", "Bobby"], ["created_at", "2020-05-01 22:32:26.911723"], ["updated_at", "2020-05-01 22:32:26.911723"]]
  [1m[35m (0.8ms)[0m  [1m[36mcommit transaction[0m
  [1m[35m (0.0ms)[0m  [1m[36mbegin transaction[0m
  [1m[36mUser Create (0.2ms)[0m  [1m[32mINSERT INTO "users" ("name", "created_at", "updated_at") VALUES (?, ?, ?)[0m  [["name", "Carol"], ["created_at", "2020-05-01 22:32:26.915196"], ["updated_at", "2020-05-01 22:32:26.915196"]]
  [1m[35m (0.8ms)[0m  [1m[36mcommit transaction[0m
  [1m[35m (0.0ms)[0m  [1m[36mbegin transaction[0m
  [1m[36mUser Create (0.3ms)[0m  [1m[32mINSERT INTO "users" ("name", "created_at", "updated_at") VALUES (?, ?, ?)[0m  [["name", "Dmitri"], ["created_at", "2020-05-01 22:32:26.918391"], ["updated_at", "2020-05-01 22:32:26.918391"]]
  [1m[35m (0.6ms)[0m  [1m[36mcommit transaction[0m
  [1m[35m (0.4ms)[0m  [1m[34mSELECT sqlite_version(*)[0m
  [1m[35m (0.5ms)[0m  [1m[34mSELECT "schema_migrations"."version" FROM "schema_migrations" ORDER BY "schema_migrations"."version" ASC[0m
  [1m[35m (0.0ms)[0m  [1m[34mSELECT sqlite_version(*)[0m
  [1m[36mUser Destroy (1.2ms)[0m  [1m[31mDELETE FROM "users"[0m
  [1m[36mPet Destroy (0.4ms)[0m  [1m[31mDELETE FROM "pets"[0m
  [1m[36mTask Destroy (0.4ms)[0m  [1m[31mDELETE FROM "tasks"[0m
  [1m[35m (0.0ms)[0m  [1m[36mbegin transaction[0m
  [1m[36mUser Create (0.7ms)[0m  [1m[32mINSERT INTO "users" ("name", "created_at", "updated_at") VALUES (?, ?, ?)[0m  [["name", "Amelia"], ["created_at", "2020-05-01 22:35:09.069234"], ["updated_at", "2020-05-01 22:35:09.069234"]]
  [1m[35m (0.6ms)[0m  [1m[36mcommit transaction[0m
  [1m[35m (0.0ms)[0m  [1m[36mbegin transaction[0m
  [1m[36mUser Create (0.2ms)[0m  [1m[32mINSERT INTO "users" ("name", "created_at", "updated_at") VALUES (?, ?, ?)[0m  [["name", "Bobby"], ["created_at", "2020-05-01 22:35:09.073083"], ["updated_at", "2020-05-01 22:35:09.073083"]]
  [1m[35m (0.7ms)[0m  [1m[36mcommit transaction[0m
  [1m[35m (0.0ms)[0m  [1m[36mbegin transaction[0m
  [1m[36mUser Create (0.2ms)[0m  [1m[32mINSERT INTO "users" ("name", "created_at", "updated_at") VALUES (?, ?, ?)[0m  [["name", "Carol"], ["created_at", "2020-05-01 22:35:09.076256"], ["updated_at", "2020-05-01 22:35:09.076256"]]
  [1m[35m (0.6ms)[0m  [1m[36mcommit transaction[0m
  [1m[35m (0.0ms)[0m  [1m[36mbegin transaction[0m
  [1m[36mUser Create (0.2ms)[0m  [1m[32mINSERT INTO "users" ("name", "created_at", "updated_at") VALUES (?, ?, ?)[0m  [["name", "Dmitri"], ["created_at", "2020-05-01 22:35:09.079294"], ["updated_at", "2020-05-01 22:35:09.079294"]]
  [1m[35m (0.7ms)[0m  [1m[36mcommit transaction[0m
  [1m[35m (0.6ms)[0m  [1m[34mSELECT sqlite_version(*)[0m
  [1m[35m (0.2ms)[0m  [1m[34mSELECT "schema_migrations"."version" FROM "schema_migrations" ORDER BY "schema_migrations"."version" ASC[0m
  [1m[35m (0.1ms)[0m  [1m[34mSELECT sqlite_version(*)[0m
  [1m[36mUser Destroy (1.0ms)[0m  [1m[31mDELETE FROM "users"[0m
  [1m[36mPet Destroy (0.1ms)[0m  [1m[31mDELETE FROM "pets"[0m
  [1m[36mTask Destroy (0.1ms)[0m  [1m[31mDELETE FROM "tasks"[0m
  [1m[35m (0.0ms)[0m  [1m[36mbegin transaction[0m
  [1m[36mUser Create (0.3ms)[0m  [1m[32mINSERT INTO "users" ("name", "created_at", "updated_at") VALUES (?, ?, ?)[0m  [["name", "Amelia"], ["created_at", "2020-05-01 22:35:41.967008"], ["updated_at", "2020-05-01 22:35:41.967008"]]
  [1m[35m (0.6ms)[0m  [1m[36mcommit transaction[0m
  [1m[35m (0.0ms)[0m  [1m[36mbegin transaction[0m
  [1m[36mUser Create (0.3ms)[0m  [1m[32mINSERT INTO "users" ("name", "created_at", "updated_at") VALUES (?, ?, ?)[0m  [["name", "Bobby"], ["created_at", "2020-05-01 22:35:41.970964"], ["updated_at", "2020-05-01 22:35:41.970964"]]
  [1m[35m (0.6ms)[0m  [1m[36mcommit transaction[0m
  [1m[35m (0.0ms)[0m  [1m[36mbegin transaction[0m
  [1m[36mUser Create (0.3ms)[0m  [1m[32mINSERT INTO "users" ("name", "created_at", "updated_at") VALUES (?, ?, ?)[0m  [["name", "Carol"], ["created_at", "2020-05-01 22:35:41.974417"], ["updated_at", "2020-05-01 22:35:41.974417"]]
  [1m[35m (0.6ms)[0m  [1m[36mcommit transaction[0m
  [1m[35m (0.0ms)[0m  [1m[36mbegin transaction[0m
  [1m[36mUser Create (0.3ms)[0m  [1m[32mINSERT INTO "users" ("name", "created_at", "updated_at") VALUES (?, ?, ?)[0m  [["name", "Dmitri"], ["created_at", "2020-05-01 22:35:41.977720"], ["updated_at", "2020-05-01 22:35:41.977720"]]
  [1m[35m (0.6ms)[0m  [1m[36mcommit transaction[0m
  [1m[35m (0.4ms)[0m  [1m[34mSELECT sqlite_version(*)[0m
  [1m[35m (0.1ms)[0m  [1m[34mSELECT "schema_migrations"."version" FROM "schema_migrations" ORDER BY "schema_migrations"."version" ASC[0m
  [1m[35m (0.0ms)[0m  [1m[34mSELECT sqlite_version(*)[0m
  [1m[36mUser Destroy (0.7ms)[0m  [1m[31mDELETE FROM "users"[0m
  [1m[36mPet Destroy (0.1ms)[0m  [1m[31mDELETE FROM "pets"[0m
  [1m[36mTask Destroy (0.1ms)[0m  [1m[31mDELETE FROM "tasks"[0m
  [1m[35m (0.0ms)[0m  [1m[36mbegin transaction[0m
  [1m[36mUser Create (0.2ms)[0m  [1m[32mINSERT INTO "users" ("name", "created_at", "updated_at") VALUES (?, ?, ?)[0m  [["name", "Amelia"], ["created_at", "2020-05-01 22:39:18.956497"], ["updated_at", "2020-05-01 22:39:18.956497"]]
  [1m[35m (0.6ms)[0m  [1m[36mcommit transaction[0m
  [1m[35m (0.0ms)[0m  [1m[36mbegin transaction[0m
  [1m[36mUser Create (0.2ms)[0m  [1m[32mINSERT INTO "users" ("name", "created_at", "updated_at") VALUES (?, ?, ?)[0m  [["name", "Bobby"], ["created_at", "2020-05-01 22:39:18.959556"], ["updated_at", "2020-05-01 22:39:18.959556"]]
  [1m[35m (0.6ms)[0m  [1m[36mcommit transaction[0m
  [1m[35m (0.0ms)[0m  [1m[36mbegin transaction[0m
  [1m[36mUser Create (0.2ms)[0m  [1m[32mINSERT INTO "users" ("name", "created_at", "updated_at") VALUES (?, ?, ?)[0m  [["name", "Carol"], ["created_at", "2020-05-01 22:39:18.962646"], ["updated_at", "2020-05-01 22:39:18.962646"]]
  [1m[35m (0.4ms)[0m  [1m[36mcommit transaction[0m
  [1m[35m (0.0ms)[0m  [1m[36mbegin transaction[0m
  [1m[36mUser Create (0.2ms)[0m  [1m[32mINSERT INTO "users" ("name", "created_at", "updated_at") VALUES (?, ?, ?)[0m  [["name", "Dmitri"], ["created_at", "2020-05-01 22:39:18.965273"], ["updated_at", "2020-05-01 22:39:18.965273"]]
  [1m[35m (0.7ms)[0m  [1m[36mcommit transaction[0m
  [1m[35m (0.1ms)[0m  [1m[36mbegin transaction[0m
  [1m[36mUser Load (0.1ms)[0m  [1m[34mSELECT "users".* FROM "users" WHERE "users"."id" = ? LIMIT ?[0m  [["id", 13], ["LIMIT", 1]]
  [1m[36mPet Create (0.3ms)[0m  [1m[32mINSERT INTO "pets" ("kind", "name", "user_id", "created_at", "updated_at") VALUES (?, ?, ?, ?, ?)[0m  [["kind", "guinea pig"], ["name", "Harvey"], ["user_id", 13], ["created_at", "2020-05-01 22:39:19.965044"], ["updated_at", "2020-05-01 22:39:19.965044"]]
  [1m[35m (0.7ms)[0m  [1m[36mcommit transaction[0m
  [1m[35m (0.0ms)[0m  [1m[36mbegin transaction[0m
  [1m[36mUser Load (0.1ms)[0m  [1m[34mSELECT "users".* FROM "users" WHERE "users"."id" = ? LIMIT ?[0m  [["id", 13], ["LIMIT", 1]]
  [1m[36mPet Create (0.2ms)[0m  [1m[32mINSERT INTO "pets" ("kind", "name", "user_id", "created_at", "updated_at") VALUES (?, ?, ?, ?, ?)[0m  [["kind", "prairie dog"], ["name", "Roxy"], ["user_id", 13], ["created_at", "2020-05-01 22:39:19.969727"], ["updated_at", "2020-05-01 22:39:19.969727"]]
  [1m[35m (0.8ms)[0m  [1m[36mcommit transaction[0m
  [1m[35m (0.0ms)[0m  [1m[36mbegin transaction[0m
  [1m[36mUser Load (0.1ms)[0m  [1m[34mSELECT "users".* FROM "users" WHERE "users"."id" = ? LIMIT ?[0m  [["id", 14], ["LIMIT", 1]]
  [1m[36mPet Create (0.2ms)[0m  [1m[32mINSERT INTO "pets" ("kind", "name", "user_id", "created_at", "updated_at") VALUES (?, ?, ?, ?, ?)[0m  [["kind", "antelope"], ["name", "Patches"], ["user_id", 14], ["created_at", "2020-05-01 22:39:19.973925"], ["updated_at", "2020-05-01 22:39:19.973925"]]
  [1m[35m (0.7ms)[0m  [1m[36mcommit transaction[0m
  [1m[35m (0.0ms)[0m  [1m[36mbegin transaction[0m
  [1m[36mUser Load (0.1ms)[0m  [1m[34mSELECT "users".* FROM "users" WHERE "users"."id" = ? LIMIT ?[0m  [["id", 15], ["LIMIT", 1]]
  [1m[36mPet Create (0.3ms)[0m  [1m[32mINSERT INTO "pets" ("kind", "name", "user_id", "created_at", "updated_at") VALUES (?, ?, ?, ?, ?)[0m  [["kind", "hedgehog"], ["name", "Blue"], ["user_id", 15], ["created_at", "2020-05-01 22:39:19.978410"], ["updated_at", "2020-05-01 22:39:19.978410"]]
  [1m[35m (0.6ms)[0m  [1m[36mcommit transaction[0m
  [1m[35m (0.0ms)[0m  [1m[36mbegin transaction[0m
  [1m[36mUser Load (0.1ms)[0m  [1m[34mSELECT "users".* FROM "users" WHERE "users"."id" = ? LIMIT ?[0m  [["id", 15], ["LIMIT", 1]]
  [1m[36mPet Create (0.2ms)[0m  [1m[32mINSERT INTO "pets" ("kind", "name", "user_id", "created_at", "updated_at") VALUES (?, ?, ?, ?, ?)[0m  [["kind", "bear"], ["name", "Bubba"], ["user_id", 15], ["created_at", "2020-05-01 22:39:19.982625"], ["updated_at", "2020-05-01 22:39:19.982625"]]
  [1m[35m (0.6ms)[0m  [1m[36mcommit transaction[0m
  [1m[35m (0.0ms)[0m  [1m[36mbegin transaction[0m
  [1m[36mUser Load (0.1ms)[0m  [1m[34mSELECT "users".* FROM "users" WHERE "users"."id" = ? LIMIT ?[0m  [["id", 16], ["LIMIT", 1]]
  [1m[36mPet Create (0.2ms)[0m  [1m[32mINSERT INTO "pets" ("kind", "name", "user_id", "created_at", "updated_at") VALUES (?, ?, ?, ?, ?)[0m  [["kind", "muskrat"], ["name", "Sasha"], ["user_id", 16], ["created_at", "2020-05-01 22:39:19.986661"], ["updated_at", "2020-05-01 22:39:19.986661"]]
  [1m[35m (0.8ms)[0m  [1m[36mcommit transaction[0m
  [1m[35m (0.0ms)[0m  [1m[36mbegin transaction[0m
  [1m[36mUser Load (0.1ms)[0m  [1m[34mSELECT "users".* FROM "users" WHERE "users"."id" = ? LIMIT ?[0m  [["id", 16], ["LIMIT", 1]]
  [1m[36mPet Create (0.2ms)[0m  [1m[32mINSERT INTO "pets" ("kind", "name", "user_id", "created_at", "updated_at") VALUES (?, ?, ?, ?, ?)[0m  [["kind", "wasp"], ["name", "Lola"], ["user_id", 16], ["created_at", "2020-05-01 22:39:19.990875"], ["updated_at", "2020-05-01 22:39:19.990875"]]
  [1m[35m (0.7ms)[0m  [1m[36mcommit transaction[0m
  [1m[35m (0.0ms)[0m  [1m[36mbegin transaction[0m
  [1m[36mUser Load (0.1ms)[0m  [1m[34mSELECT "users".* FROM "users" WHERE "users"."id" = ? LIMIT ?[0m  [["id", 16], ["LIMIT", 1]]
  [1m[36mPet Create (0.2ms)[0m  [1m[32mINSERT INTO "pets" ("kind", "name", "user_id", "created_at", "updated_at") VALUES (?, ?, ?, ?, ?)[0m  [["kind", "minnow"], ["name", "Cody"], ["user_id", 16], ["created_at", "2020-05-01 22:39:19.994870"], ["updated_at", "2020-05-01 22:39:19.994870"]]
  [1m[35m (0.6ms)[0m  [1m[36mcommit transaction[0m
  [1m[35m (0.0ms)[0m  [1m[36mbegin transaction[0m
  [1m[36mUser Load (0.1ms)[0m  [1m[34mSELECT "users".* FROM "users" WHERE "users"."id" = ? LIMIT ?[0m  [["id", 16], ["LIMIT", 1]]
  [1m[36mPet Create (0.2ms)[0m  [1m[32mINSERT INTO "pets" ("kind", "name", "user_id", "created_at", "updated_at") VALUES (?, ?, ?, ?, ?)[0m  [["kind", "elephant"], ["name", "Peanut"], ["user_id", 16], ["created_at", "2020-05-01 22:39:19.998696"], ["updated_at", "2020-05-01 22:39:19.998696"]]
  [1m[35m (0.6ms)[0m  [1m[36mcommit transaction[0m
  [1m[35m (0.0ms)[0m  [1m[36mbegin transaction[0m
  [1m[36mUser Load (0.1ms)[0m  [1m[34mSELECT "users".* FROM "users" WHERE "users"."id" = ? LIMIT ?[0m  [["id", 16], ["LIMIT", 1]]
  [1m[36mPet Create (0.2ms)[0m  [1m[32mINSERT INTO "pets" ("kind", "name", "user_id", "created_at", "updated_at") VALUES (?, ?, ?, ?, ?)[0m  [["kind", "turtle "], ["name", "Tank"], ["user_id", 16], ["created_at", "2020-05-01 22:39:20.002427"], ["updated_at", "2020-05-01 22:39:20.002427"]]
  [1m[35m (0.6ms)[0m  [1m[36mcommit transaction[0m
  [1m[35m (0.4ms)[0m  [1m[34mSELECT sqlite_version(*)[0m
  [1m[36mPet Load (0.2ms)[0m  [1m[34mSELECT "pets".* FROM "pets" LIMIT ?[0m  [["LIMIT", 11]]
  [1m[36mUser Load (0.2ms)[0m  [1m[34mSELECT "users".* FROM "users" LIMIT ?[0m  [["LIMIT", 11]]
  [1m[36mUser Load (0.2ms)[0m  [1m[34mSELECT "users".* FROM "users"[0m
  [1m[36mUser Load (0.1ms)[0m  [1m[34mSELECT "users".* FROM "users"[0m
  [1m[36mUser Load (0.1ms)[0m  [1m[34mSELECT "users".* FROM "users"[0m
  [1m[36mUser Load (0.1ms)[0m  [1m[34mSELECT "users".* FROM "users"[0m
  [1m[36mPet Load (0.4ms)[0m  [1m[34mSELECT "pets".* FROM "pets" WHERE "pets"."user_id" = ? LIMIT ?[0m  [["user_id", 13], ["LIMIT", 11]]
  [1m[36mUser Load (0.1ms)[0m  [1m[34mSELECT "users".* FROM "users"[0m
  [1m[36mUser Load (0.1ms)[0m  [1m[34mSELECT "users".* FROM "users"[0m
  [1m[36mPet Load (0.2ms)[0m  [1m[34mSELECT "pets".* FROM "pets" WHERE "pets"."user_id" = ?[0m  [["user_id", 13]]
  [1m[36mUser Load (0.2ms)[0m  [1m[34mSELECT "users".* FROM "users" LIMIT ?[0m  [["LIMIT", 11]]
Started GET "/users" for ::1 at 2020-05-01 19:11:20 -0400
  [1m[35m (0.1ms)[0m  [1m[34mSELECT sqlite_version(*)[0m
  [1m[35m (0.5ms)[0m  [1m[34mSELECT "schema_migrations"."version" FROM "schema_migrations" ORDER BY "schema_migrations"."version" ASC[0m
Processing by UsersController#index as */*
  [1m[36mUser Load (0.3ms)[0m  [1m[34mSELECT "users".* FROM "users"[0m
  ↳ app/controllers/users_controller.rb:5:in `index'
Completed 200 OK in 10ms (Views: 4.4ms | ActiveRecord: 0.7ms | Allocations: 5230)


Started GET "/users" for ::1 at 2020-05-01 19:11:37 -0400
Processing by UsersController#index as HTML
  [1m[36mUser Load (0.1ms)[0m  [1m[34mSELECT "users".* FROM "users"[0m
  ↳ app/controllers/users_controller.rb:5:in `index'
Completed 200 OK in 2ms (Views: 1.4ms | ActiveRecord: 0.1ms | Allocations: 1232)


Started GET "/users" for ::1 at 2020-05-01 19:16:56 -0400
  [1m[35m (0.7ms)[0m  [1m[34mSELECT sqlite_version(*)[0m
  [1m[35m (0.5ms)[0m  [1m[34mSELECT "schema_migrations"."version" FROM "schema_migrations" ORDER BY "schema_migrations"."version" ASC[0m
Processing by UsersController#index as */*
  [1m[36mUser Load (0.2ms)[0m  [1m[34mSELECT "users".* FROM "users"[0m
  ↳ app/controllers/users_controller.rb:5:in `index'
Completed 200 OK in 9ms (Views: 4.8ms | ActiveRecord: 0.7ms | Allocations: 5233)


